Программа запущена: 20250321_162405
2025-03-21 16:24:05,543 - GasAppLogger - DEBUG - Инициализация Result
2025-03-21 16:24:05,561 - GasAppLogger - INFO - GasCompositionManager инициализирован
2025-03-21 16:24:05,566 - GasAppLogger - INFO - Инициализация TableManager
2025-03-21 16:24:05,567 - GasAppLogger - DEBUG - Создание виджетов для управления таблицами
2025-03-21 16:24:05,567 - GasAppLogger - INFO - Создание кнопки 'Исходные таблицы'
2025-03-21 16:24:05,568 - GasAppLogger - DEBUG - Кнопка 'Исходные таблицы' размещена в интерфейсе
2025-03-21 16:24:05,569 - GasAppLogger - DEBUG - Список доступных типов таблиц: ['Таблица для регуляторов', 'Таблица котельной', 'Таблицы для труб до регулятора', 'Таблицы для труб после регулятора']
2025-03-21 16:24:06,839 - GasAppLogger - INFO - Вызов метода check_table_func
2025-03-21 16:24:06,840 - GasAppLogger - WARNING - Список таблиц пуст. Создаем новое окно.
2025-03-21 16:24:06,840 - GasAppLogger - INFO - Создание окна выбора таблиц
2025-03-21 16:24:06,840 - GasAppLogger - DEBUG - Окно таблиц создано
2025-03-21 16:24:06,856 - GasAppLogger - DEBUG - Метка 'Выберите таблицу' добавлена в окно
2025-03-21 16:24:06,863 - GasAppLogger - DEBUG - Combobox инициализирован с вариантами: ['Таблица для регуляторов', 'Таблица котельной', 'Таблицы для труб до регулятора', 'Таблицы для труб после регулятора']
2025-03-21 16:24:06,872 - GasAppLogger - DEBUG - Кнопка 'Добавить таблицу' добавлена в окно
2025-03-21 16:24:09,178 - GasAppLogger - INFO - Начало определения новой таблицы
2025-03-21 16:24:09,178 - GasAppLogger - DEBUG - Выбранный тип таблицы: Таблица для регуляторов
2025-03-21 16:24:09,178 - GasAppLogger - DEBUG - Создание метки для нового типа таблицы
2025-03-21 16:24:09,180 - GasAppLogger - DEBUG - Создание поля ввода имени таблицы
2025-03-21 16:24:09,185 - GasAppLogger - INFO - Интерфейс для создания/открытия таблицы инициализирован
2025-03-21 16:24:14,593 - GasAppLogger - INFO - Попытка открытия таблицы 'ду ду' типа 'Таблица для регуляторов'
2025-03-21 16:24:14,593 - GasAppLogger - WARNING - Таблица 'ду ду' не найдена. Создаем новую.
2025-03-21 16:24:14,594 - GasAppLogger - INFO - Попытка добавления таблицы 'ду ду' типа 'Таблица для регуляторов'
2025-03-21 16:24:14,594 - GasAppLogger - DEBUG - Создание менеджера таблицы через TableFactory
2025-03-21 16:24:14,594 - GasAppLogger - INFO - Запрос на создание менеджера таблицы типа: 'Таблица для регуляторов'
2025-03-21 16:24:14,594 - GasAppLogger - DEBUG - Параметры: parent=.!notebook.!frame, data_model=<__main__.Data_model object at 0x00000247167FC3E0>
2025-03-21 16:24:14,594 - GasAppLogger - INFO - Создан менеджер таблицы регуляторов
2025-03-21 16:24:14,594 - GasAppLogger - INFO - Начинаем создание таблицы 'ду ду'
2025-03-21 16:24:14,594 - GasAppLogger - DEBUG - Получены колонки: ['regulator', 'kv', 'lines_count']
2025-03-21 16:24:14,594 - GasAppLogger - DEBUG - SQL-запрос создания таблицы: 
                CREATE TABLE IF NOT EXISTS 'ду ду' (
                    regulator REAL, kv REAL, lines_count REAL
                )
            
2025-03-21 16:24:14,594 - GasAppLogger - DEBUG - SQL-запрос вставки данных: 
                INSERT INTO 'ду ду' (regulator, kv, lines_count) 
                VALUES (?, ?, ?)
            
2025-03-21 16:24:14,595 - GasAppLogger - INFO - Выполняем создание таблицы 'ду ду' в базе данных
2025-03-21 16:24:14,602 - GasAppLogger - DEBUG - Таблица успешно создана или уже существует
2025-03-21 16:24:14,602 - GasAppLogger - INFO - Выполняем вставку пустых данных для инициализации таблицы
2025-03-21 16:24:14,603 - GasAppLogger - DEBUG - Данные успешно вставлены
2025-03-21 16:24:14,607 - GasAppLogger - INFO - Таблица 'ду ду' успешно создана и инициализирована
2025-03-21 16:24:14,608 - GasAppLogger - INFO - Данные таблицы {'ду ду': [<__main__.RegulatorTableManager object at 0x00000247168AB380>, 'Таблица для регуляторов']} добавлены в Data_model
2025-03-21 16:24:14,608 - GasAppLogger - INFO - Таблица 'ду ду' добавлена в реестр
2025-03-21 16:24:14,608 - GasAppLogger - DEBUG - Открытие окна таблицы через менеджер
2025-03-21 16:24:14,608 - GasAppLogger - INFO - Открытие окна таблицы 'ду ду'
2025-03-21 16:24:14,609 - GasAppLogger - DEBUG - Создано новое окно для таблицы 'ду ду'
2025-03-21 16:24:14,618 - GasAppLogger - DEBUG - Treeview инициализирован с колонками
2025-03-21 16:24:14,618 - GasAppLogger - INFO - Начинаем загрузку данных таблицы 'ду ду'
2025-03-21 16:24:14,625 - GasAppLogger - DEBUG - Загружены данные: 
  regulator kv lines_count
0                         
2025-03-21 16:24:14,625 - GasAppLogger - INFO - Данные таблицы 'ду ду' успешно загружены
2025-03-21 16:24:14,625 - GasAppLogger - DEBUG - Данные загружены в Treeview
2025-03-21 16:24:14,631 - GasAppLogger - DEBUG - Кнопка сохранения добавлена в окно
2025-03-21 16:24:14,631 - GasAppLogger - DEBUG - Событие двойного клика привязано к редактированию ячеек
2025-03-21 16:24:14,632 - GasAppLogger - INFO - Таблица 'ду ду' открыта
2025-03-21 16:24:19,834 - GasAppLogger - INFO - Начинаем сохранение данных таблицы 'ду ду'
2025-03-21 16:24:19,834 - GasAppLogger - DEBUG - Данные для сохранения: [['', 1500, '']]
2025-03-21 16:24:19,842 - GasAppLogger - INFO - Данные таблицы 'ду ду' успешно сохранены
2025-03-21 16:24:22,034 - GasAppLogger - INFO - Вызов метода check_table_func
2025-03-21 16:24:22,034 - GasAppLogger - INFO - Список таблиц не пуст. Обновляем окно.
2025-03-21 16:24:22,034 - GasAppLogger - INFO - Создание окна выбора таблиц
2025-03-21 16:24:22,035 - GasAppLogger - DEBUG - Окно таблиц создано
2025-03-21 16:24:22,041 - GasAppLogger - DEBUG - Метка 'Выберите таблицу' добавлена в окно
2025-03-21 16:24:22,042 - GasAppLogger - DEBUG - Combobox инициализирован с вариантами: ['Таблица для регуляторов', 'Таблица котельной', 'Таблицы для труб до регулятора', 'Таблицы для труб после регулятора']
2025-03-21 16:24:22,044 - GasAppLogger - DEBUG - Кнопка 'Добавить таблицу' добавлена в окно
2025-03-21 16:24:22,044 - GasAppLogger - DEBUG - Добавление метки для таблицы: ду ду
2025-03-21 16:24:22,051 - GasAppLogger - DEBUG - Метка и кнопка для таблицы 'ду ду' добавлены в окно
2025-03-21 16:24:23,921 - GasAppLogger - INFO - Попытка открытия таблицы 'ду ду' типа 'Таблица для регуляторов'
2025-03-21 16:24:23,922 - GasAppLogger - DEBUG - Открытие окна таблицы через менеджер
2025-03-21 16:24:23,922 - GasAppLogger - INFO - Открытие окна таблицы 'ду ду'
2025-03-21 16:24:23,922 - GasAppLogger - DEBUG - Создано новое окно для таблицы 'ду ду'
2025-03-21 16:24:23,929 - GasAppLogger - DEBUG - Treeview инициализирован с колонками
2025-03-21 16:24:23,929 - GasAppLogger - INFO - Начинаем загрузку данных таблицы 'ду ду'
2025-03-21 16:24:23,940 - GasAppLogger - DEBUG - Загружены данные: 
  regulator      kv lines_count
0            1500.0            
2025-03-21 16:24:23,941 - GasAppLogger - INFO - Данные таблицы 'ду ду' успешно загружены
2025-03-21 16:24:23,941 - GasAppLogger - DEBUG - Данные загружены в Treeview
2025-03-21 16:24:23,943 - GasAppLogger - DEBUG - Кнопка сохранения добавлена в окно
2025-03-21 16:24:23,943 - GasAppLogger - DEBUG - Событие двойного клика привязано к редактированию ячеек
2025-03-21 16:24:23,943 - GasAppLogger - INFO - Таблица 'ду ду' открыта
