Программа запущена: 20250321_162102
2025-03-21 16:21:02,229 - GasAppLogger - DEBUG - Инициализация Result
2025-03-21 16:21:02,241 - GasAppLogger - INFO - GasCompositionManager инициализирован
2025-03-21 16:21:02,244 - GasAppLogger - INFO - Инициализация TableManager
2025-03-21 16:21:02,244 - GasAppLogger - DEBUG - Создание виджетов для управления таблицами
2025-03-21 16:21:02,244 - GasAppLogger - INFO - Создание кнопки 'Исходные таблицы'
2025-03-21 16:21:02,246 - GasAppLogger - DEBUG - Кнопка 'Исходные таблицы' размещена в интерфейсе
2025-03-21 16:21:02,248 - GasAppLogger - DEBUG - Список доступных типов таблиц: ['Таблица для регуляторов', 'Таблица котельной', 'Таблицы для труб до регулятора', 'Таблицы для труб после регулятора']
2025-03-21 16:21:03,578 - GasAppLogger - INFO - Вызов метода check_table_func
2025-03-21 16:21:03,579 - GasAppLogger - WARNING - Список таблиц пуст. Создаем новое окно.
2025-03-21 16:21:03,579 - GasAppLogger - INFO - Создание окна выбора таблиц
2025-03-21 16:21:03,579 - GasAppLogger - DEBUG - Окно таблиц создано
2025-03-21 16:21:03,587 - GasAppLogger - DEBUG - Метка 'Выберите таблицу' добавлена в окно
2025-03-21 16:21:03,593 - GasAppLogger - DEBUG - Combobox инициализирован с вариантами: ['Таблица для регуляторов', 'Таблица котельной', 'Таблицы для труб до регулятора', 'Таблицы для труб после регулятора']
2025-03-21 16:21:03,597 - GasAppLogger - DEBUG - Кнопка 'Добавить таблицу' добавлена в окно
2025-03-21 16:21:04,890 - GasAppLogger - INFO - Начало определения новой таблицы
2025-03-21 16:21:04,890 - GasAppLogger - DEBUG - Выбранный тип таблицы: Таблица для регуляторов
2025-03-21 16:21:04,890 - GasAppLogger - DEBUG - Создание метки для нового типа таблицы
2025-03-21 16:21:04,892 - GasAppLogger - DEBUG - Создание поля ввода имени таблицы
2025-03-21 16:21:04,896 - GasAppLogger - INFO - Интерфейс для создания/открытия таблицы инициализирован
2025-03-21 16:21:05,770 - GasAppLogger - INFO - Попытка открытия таблицы '' типа 'Таблица для регуляторов'
2025-03-21 16:21:05,770 - GasAppLogger - WARNING - Таблица '' не найдена. Создаем новую.
2025-03-21 16:21:05,770 - GasAppLogger - INFO - Попытка добавления таблицы '' типа 'Таблица для регуляторов'
2025-03-21 16:21:06,741 - GasAppLogger - DEBUG - Открытие окна таблицы через менеджер
2025-03-21 16:21:08,858 - GasAppLogger - INFO - Вызов метода check_table_func
2025-03-21 16:21:08,858 - GasAppLogger - WARNING - Список таблиц пуст. Создаем новое окно.
2025-03-21 16:21:08,858 - GasAppLogger - INFO - Создание окна выбора таблиц
2025-03-21 16:21:08,859 - GasAppLogger - DEBUG - Окно таблиц создано
2025-03-21 16:21:08,865 - GasAppLogger - DEBUG - Метка 'Выберите таблицу' добавлена в окно
2025-03-21 16:21:08,867 - GasAppLogger - DEBUG - Combobox инициализирован с вариантами: ['Таблица для регуляторов', 'Таблица котельной', 'Таблицы для труб до регулятора', 'Таблицы для труб после регулятора']
2025-03-21 16:21:08,868 - GasAppLogger - DEBUG - Кнопка 'Добавить таблицу' добавлена в окно
2025-03-21 16:21:10,570 - GasAppLogger - INFO - Начало определения новой таблицы
2025-03-21 16:21:10,570 - GasAppLogger - DEBUG - Выбранный тип таблицы: Таблица для регуляторов
2025-03-21 16:21:10,570 - GasAppLogger - DEBUG - Создание метки для нового типа таблицы
2025-03-21 16:21:10,572 - GasAppLogger - DEBUG - Создание поля ввода имени таблицы
2025-03-21 16:21:10,576 - GasAppLogger - INFO - Интерфейс для создания/открытия таблицы инициализирован
2025-03-21 16:21:11,545 - GasAppLogger - INFO - Попытка открытия таблицы 'vds' типа 'Таблица для регуляторов'
2025-03-21 16:21:11,546 - GasAppLogger - WARNING - Таблица 'vds' не найдена. Создаем новую.
2025-03-21 16:21:11,546 - GasAppLogger - INFO - Попытка добавления таблицы 'vds' типа 'Таблица для регуляторов'
2025-03-21 16:21:11,546 - GasAppLogger - DEBUG - Создание менеджера таблицы через TableFactory
2025-03-21 16:21:11,546 - GasAppLogger - INFO - Запрос на создание менеджера таблицы типа: 'Таблица для регуляторов'
2025-03-21 16:21:11,546 - GasAppLogger - DEBUG - Параметры: parent=.!notebook.!frame, data_model=<__main__.Data_model object at 0x000001ED1C0D88C0>
2025-03-21 16:21:11,546 - GasAppLogger - INFO - Создан менеджер таблицы регуляторов
2025-03-21 16:21:11,546 - GasAppLogger - INFO - Начинаем создание таблицы 'vds'
2025-03-21 16:21:11,546 - GasAppLogger - DEBUG - Получены колонки: ['regulator', 'kv', 'lines_count']
2025-03-21 16:21:11,546 - GasAppLogger - DEBUG - SQL-запрос создания таблицы: 
                CREATE TABLE IF NOT EXISTS vds (
                    regulator REAL, kv REAL, lines_count REAL
                )
            
2025-03-21 16:21:11,546 - GasAppLogger - DEBUG - SQL-запрос вставки данных: 
                INSERT INTO vds (regulator, kv, lines_count) 
                VALUES (?, ?, ?)
            
2025-03-21 16:21:11,548 - GasAppLogger - INFO - Выполняем создание таблицы 'vds' в базе данных
2025-03-21 16:21:11,561 - GasAppLogger - DEBUG - Таблица успешно создана или уже существует
2025-03-21 16:21:11,562 - GasAppLogger - INFO - Выполняем вставку пустых данных для инициализации таблицы
2025-03-21 16:21:11,563 - GasAppLogger - DEBUG - Данные успешно вставлены
2025-03-21 16:21:11,567 - GasAppLogger - INFO - Таблица 'vds' успешно создана и инициализирована
2025-03-21 16:21:11,568 - GasAppLogger - INFO - Данные таблицы {'vds': [<__main__.RegulatorTableManager object at 0x000001ED1C53BD10>, 'Таблица для регуляторов']} добавлены в Data_model
2025-03-21 16:21:11,568 - GasAppLogger - INFO - Таблица 'vds' добавлена в реестр
2025-03-21 16:21:11,568 - GasAppLogger - DEBUG - Открытие окна таблицы через менеджер
2025-03-21 16:21:11,568 - GasAppLogger - INFO - Открытие окна таблицы 'vds'
2025-03-21 16:21:11,568 - GasAppLogger - DEBUG - Создано новое окно для таблицы 'vds'
2025-03-21 16:21:11,579 - GasAppLogger - DEBUG - Treeview инициализирован с колонками
2025-03-21 16:21:11,579 - GasAppLogger - INFO - Начинаем загрузку данных таблицы 'vds'
2025-03-21 16:21:11,613 - GasAppLogger - DEBUG - Загружены данные: 
  regulator kv lines_count
0                         
2025-03-21 16:21:11,613 - GasAppLogger - INFO - Данные таблицы 'vds' успешно загружены
2025-03-21 16:21:11,614 - GasAppLogger - DEBUG - Данные загружены в Treeview
2025-03-21 16:21:11,617 - GasAppLogger - DEBUG - Кнопка сохранения добавлена в окно
2025-03-21 16:21:11,617 - GasAppLogger - DEBUG - Событие двойного клика привязано к редактированию ячеек
2025-03-21 16:21:11,617 - GasAppLogger - INFO - Таблица 'vds' открыта
2025-03-21 16:21:12,497 - GasAppLogger - INFO - Начинаем сохранение данных таблицы 'vds'
2025-03-21 16:21:12,498 - GasAppLogger - DEBUG - Данные для сохранения: [['', '', '']]
2025-03-21 16:21:12,506 - GasAppLogger - INFO - Данные таблицы 'vds' успешно сохранены
2025-03-21 16:21:16,098 - GasAppLogger - INFO - Начало определения новой таблицы
2025-03-21 16:21:16,098 - GasAppLogger - DEBUG - Выбранный тип таблицы: Таблица котельной
2025-03-21 16:21:16,098 - GasAppLogger - DEBUG - Создание метки для нового типа таблицы
2025-03-21 16:21:16,101 - GasAppLogger - DEBUG - Создание поля ввода имени таблицы
2025-03-21 16:21:16,105 - GasAppLogger - INFO - Интерфейс для создания/открытия таблицы инициализирован
2025-03-21 16:21:16,970 - GasAppLogger - INFO - Попытка открытия таблицы '' типа 'Таблица котельной'
2025-03-21 16:21:16,970 - GasAppLogger - WARNING - Таблица '' не найдена. Создаем новую.
2025-03-21 16:21:16,970 - GasAppLogger - INFO - Попытка добавления таблицы '' типа 'Таблица котельной'
2025-03-21 16:21:17,762 - GasAppLogger - DEBUG - Открытие окна таблицы через менеджер
2025-03-21 16:21:20,249 - GasAppLogger - INFO - Вызов метода check_table_func
2025-03-21 16:21:20,249 - GasAppLogger - INFO - Список таблиц не пуст. Обновляем окно.
2025-03-21 16:21:20,250 - GasAppLogger - INFO - Создание окна выбора таблиц
2025-03-21 16:21:20,250 - GasAppLogger - DEBUG - Окно таблиц создано
2025-03-21 16:21:20,255 - GasAppLogger - DEBUG - Метка 'Выберите таблицу' добавлена в окно
2025-03-21 16:21:20,257 - GasAppLogger - DEBUG - Combobox инициализирован с вариантами: ['Таблица для регуляторов', 'Таблица котельной', 'Таблицы для труб до регулятора', 'Таблицы для труб после регулятора']
2025-03-21 16:21:20,259 - GasAppLogger - DEBUG - Кнопка 'Добавить таблицу' добавлена в окно
2025-03-21 16:21:20,259 - GasAppLogger - DEBUG - Добавление метки для таблицы: vds
2025-03-21 16:21:20,264 - GasAppLogger - DEBUG - Метка и кнопка для таблицы 'vds' добавлены в окно
2025-03-21 16:21:22,306 - GasAppLogger - INFO - Начало определения новой таблицы
2025-03-21 16:21:22,307 - GasAppLogger - DEBUG - Выбранный тип таблицы: Таблица для регуляторов
2025-03-21 16:21:22,307 - GasAppLogger - DEBUG - Создание метки для нового типа таблицы
2025-03-21 16:21:22,309 - GasAppLogger - DEBUG - Создание поля ввода имени таблицы
2025-03-21 16:21:22,313 - GasAppLogger - INFO - Интерфейс для создания/открытия таблицы инициализирован
2025-03-21 16:21:23,266 - GasAppLogger - INFO - Попытка открытия таблицы 'gfd' типа 'Таблица для регуляторов'
2025-03-21 16:21:23,266 - GasAppLogger - WARNING - Таблица 'gfd' не найдена. Создаем новую.
2025-03-21 16:21:23,266 - GasAppLogger - INFO - Попытка добавления таблицы 'gfd' типа 'Таблица для регуляторов'
2025-03-21 16:21:23,266 - GasAppLogger - DEBUG - Создание менеджера таблицы через TableFactory
2025-03-21 16:21:23,266 - GasAppLogger - INFO - Запрос на создание менеджера таблицы типа: 'Таблица для регуляторов'
2025-03-21 16:21:23,266 - GasAppLogger - DEBUG - Параметры: parent=.!notebook.!frame, data_model=<__main__.Data_model object at 0x000001ED1C0D88C0>
2025-03-21 16:21:23,266 - GasAppLogger - INFO - Создан менеджер таблицы регуляторов
2025-03-21 16:21:23,266 - GasAppLogger - INFO - Начинаем создание таблицы 'gfd'
2025-03-21 16:21:23,267 - GasAppLogger - DEBUG - Получены колонки: ['regulator', 'kv', 'lines_count']
2025-03-21 16:21:23,267 - GasAppLogger - DEBUG - SQL-запрос создания таблицы: 
                CREATE TABLE IF NOT EXISTS gfd (
                    regulator REAL, kv REAL, lines_count REAL
                )
            
2025-03-21 16:21:23,267 - GasAppLogger - DEBUG - SQL-запрос вставки данных: 
                INSERT INTO gfd (regulator, kv, lines_count) 
                VALUES (?, ?, ?)
            
2025-03-21 16:21:23,269 - GasAppLogger - INFO - Выполняем создание таблицы 'gfd' в базе данных
2025-03-21 16:21:23,277 - GasAppLogger - DEBUG - Таблица успешно создана или уже существует
2025-03-21 16:21:23,277 - GasAppLogger - INFO - Выполняем вставку пустых данных для инициализации таблицы
2025-03-21 16:21:23,279 - GasAppLogger - DEBUG - Данные успешно вставлены
2025-03-21 16:21:23,283 - GasAppLogger - INFO - Таблица 'gfd' успешно создана и инициализирована
2025-03-21 16:21:23,284 - GasAppLogger - INFO - Данные таблицы {'vds': [<__main__.RegulatorTableManager object at 0x000001ED1C53BD10>, 'Таблица для регуляторов'], 'gfd': [<__main__.RegulatorTableManager object at 0x000001ED20D70260>, 'Таблица для регуляторов']} добавлены в Data_model
2025-03-21 16:21:23,284 - GasAppLogger - INFO - Таблица 'gfd' добавлена в реестр
2025-03-21 16:21:23,284 - GasAppLogger - DEBUG - Открытие окна таблицы через менеджер
2025-03-21 16:21:23,284 - GasAppLogger - INFO - Открытие окна таблицы 'gfd'
2025-03-21 16:21:23,284 - GasAppLogger - DEBUG - Создано новое окно для таблицы 'gfd'
2025-03-21 16:21:23,291 - GasAppLogger - DEBUG - Treeview инициализирован с колонками
2025-03-21 16:21:23,291 - GasAppLogger - INFO - Начинаем загрузку данных таблицы 'gfd'
2025-03-21 16:21:23,296 - GasAppLogger - DEBUG - Загружены данные: 
  regulator kv lines_count
0                         
2025-03-21 16:21:23,297 - GasAppLogger - INFO - Данные таблицы 'gfd' успешно загружены
2025-03-21 16:21:23,297 - GasAppLogger - DEBUG - Данные загружены в Treeview
2025-03-21 16:21:23,302 - GasAppLogger - DEBUG - Кнопка сохранения добавлена в окно
2025-03-21 16:21:23,303 - GasAppLogger - DEBUG - Событие двойного клика привязано к редактированию ячеек
2025-03-21 16:21:23,303 - GasAppLogger - INFO - Таблица 'gfd' открыта
